<?xml version="1.0" encoding="UTF-8"?>
<!-- Generated by org.testng.reporters.JUnitReportReporter -->
<testsuite hostname="Arnab" failures="0" tests="2" name="day1" time="0.008" errors="0" timestamp="2022-10-09T10:01:08 IST" skipped="0">
  <testcase classname="day1" name="Demo1" time="0.000"/>
  <system-out/>
  <testcase classname="day1" name="Demo" time="0.008"/>
  <system-out/>
</testsuite> <!-- day1 -->
