<?xml version="1.0" encoding="UTF-8"?>
<!-- Generated by org.testng.reporters.JUnitReportReporter -->
<testsuite hostname="Arnab" failures="0" tests="3" name="Test.day1" time="0.012" errors="0" timestamp="2022-10-09T11:41:56 IST" skipped="0">
  <testcase classname="Test.day1" name="Demo" time="0.010"/>
  <system-out/>
  <testcase classname="Test.day1" name="Demo1" time="0.001"/>
  <system-out/>
  <testcase classname="Test.day1" name="Demo1" time="0.001"/>
  <system-out/>
</testsuite> <!-- Test.day1 -->
