<?xml version="1.0" encoding="UTF-8"?>
<!-- Generated by org.testng.reporters.JUnitReportReporter -->
<testsuite hostname="Arnab" failures="0" tests="1" name="Test.day2" time="0.001" errors="0" timestamp="2022-10-09T11:41:56 IST" skipped="0">
  <testcase classname="Test.day2" name="demo3" time="0.001"/>
  <system-out/>
</testsuite> <!-- Test.day2 -->
